14:01:03 > Discovery profile: Default discovery profile
14:01:03 > Discovery class:   data-link (data-link layer)
14:01:03 > Discovery on:      192.168.178.0/24

14:01:03 > Discovery round starting.
14:01:07 > Discovery progress 25%
14:01:12 > Discovery progress 50%
14:01:17 > Discovery progress 75%
14:01:21 > Discovery round completed in 17.814 seconds.
14:01:21 > Network 192.168.178.0/24 has 5/5 hosts up.

14:01:21 > Next round starting at 14:06:03. Press Ctrl^C to exit.

14:06:03 > Discovery round starting.
14:06:09 > Discovery progress 25%
14:06:13 > Discovery progress 50%
14:06:18 > Discovery progress 75%
14:06:22 > Discovery round completed in 18.925 seconds.
14:06:22 > Network 192.168.178.0/24 has 8/5 hosts up.

14:06:22 > Next round starting at 14:11:03. Press Ctrl^C to exit.

14:11:03 > Discovery round starting.
14:11:09 > Discovery progress 25%
14:11:13 > Discovery progress 50%
14:11:18 > Discovery progress 75%
14:11:22 > Discovery round completed in 18.964 seconds.
14:11:22 > Network 192.168.178.0/24 has 11/5 hosts up.

14:11:22 > Next round starting at 14:16:03. Press Ctrl^C to exit.

14:16:03 > Discovery round starting.
14:16:08 > Discovery progress 25%
14:16:13 > Discovery progress 50%
14:16:18 > Discovery progress 75%
14:16:22 > Discovery round completed in 18.853 seconds.
14:16:22 > Network 192.168.178.0/24 has 14/5 hosts up.

14:16:22 > Next round starting at 14:21:03. Press Ctrl^C to exit.

14:21:03 > Discovery round starting.
14:21:08 > Discovery progress 25%
14:21:13 > Discovery progress 50%
14:21:18 > Discovery progress 75%
14:21:22 > Discovery round completed in 18.914 seconds.
14:21:22 > Network 192.168.178.0/24 has 17/5 hosts up.

14:21:22 > Next round starting at 14:26:03. Press Ctrl^C to exit.

14:26:03 > Discovery round starting.
14:26:08 > Discovery progress 25%
14:26:13 > Discovery progress 50%
14:26:18 > Discovery progress 75%
14:26:22 > Discovery round completed in 18.803 seconds.
14:26:22 > Network 192.168.178.0/24 has 20/5 hosts up.

14:26:22 > Next round starting at 14:31:03. Press Ctrl^C to exit.

14:31:03 > Discovery round starting.
14:31:09 > Discovery progress 25%
14:31:13 > Discovery progress 50%
14:31:18 > Discovery progress 75%
14:31:22 > Discovery round completed in 19.124 seconds.
14:31:22 > Network 192.168.178.0/24 has 23/5 hosts up.

14:31:22 > Next round starting at 14:36:03. Press Ctrl^C to exit.

14:36:03 > Discovery round starting.
14:36:08 > Discovery progress 25%
14:36:13 > Discovery progress 50%
14:36:18 > Discovery progress 75%
14:36:22 > Discovery round completed in 18.804 seconds.
14:36:22 > Network 192.168.178.0/24 has 26/5 hosts up.

14:36:22 > Next round starting at 14:41:03. Press Ctrl^C to exit.

14:41:03 > Discovery round starting.
14:41:09 > Discovery progress 25%
14:41:13 > Discovery progress 50%
14:41:18 > Discovery progress 75%
14:41:22 > Discovery round completed in 19.013 seconds.
14:41:22 > Network 192.168.178.0/24 has 29/5 hosts up.

14:41:22 > Next round starting at 14:46:03. Press Ctrl^C to exit.

14:46:03 > Discovery round starting.
14:46:09 > Discovery progress 25%
14:46:13 > Discovery progress 50%
14:46:18 > Discovery progress 75%
14:46:22 > Discovery round completed in 18.963 seconds.
14:46:22 > Network 192.168.178.0/24 has 32/5 hosts up.

14:46:22 > Next round starting at 14:51:03. Press Ctrl^C to exit.

14:51:03 > Discovery round starting.
14:51:09 > Discovery progress 25%
14:51:14 > Discovery progress 50%
14:51:18 > Discovery progress 75%
14:51:22 > Discovery round completed in 19.313 seconds.
14:51:22 > Network 192.168.178.0/24 has 35/5 hosts up.

14:51:22 > Next round starting at 14:56:03. Press Ctrl^C to exit.

14:56:03 > Discovery round starting.
14:56:08 > Discovery progress 25%
14:56:13 > Discovery progress 50%
14:56:18 > Discovery progress 75%
14:56:22 > Discovery round completed in 18.813 seconds.
14:56:22 > Network 192.168.178.0/24 has 38/5 hosts up.

14:56:22 > Next round starting at 15:01:03. Press Ctrl^C to exit.

15:01:03 > Discovery round starting.
15:01:09 > Discovery progress 25%
15:01:13 > Discovery progress 50%
15:01:18 > Discovery progress 75%
15:01:22 > Discovery round completed in 18.933 seconds.
15:01:22 > Network 192.168.178.0/24 has 41/5 hosts up.

15:01:22 > Next round starting at 15:06:03. Press Ctrl^C to exit.

15:06:03 > Discovery round starting.
15:06:09 > Discovery progress 25%
15:06:13 > Discovery progress 50%
15:06:18 > Discovery progress 75%
15:06:22 > Discovery round completed in 18.992 seconds.
15:06:22 > Network 192.168.178.0/24 has 44/5 hosts up.

15:06:22 > Next round starting at 15:11:03. Press Ctrl^C to exit.

15:09:37 > Discovery profile: Default discovery profile
15:09:37 > Discovery class:   data-link (data-link layer)
15:09:37 > Discovery on:      192.168.178.0/24

15:09:37 > Discovery round starting.
15:09:41 > Discovery progress 25%
15:09:46 > Discovery progress 50%
15:09:51 > Discovery progress 75%
15:09:55 > Discovery round completed in 17.819 seconds.
15:09:55 > Network 192.168.178.0/24 has 4/4 hosts up.

15:09:55 > Next round starting at 15:14:37. Press Ctrl^C to exit.

15:11:03 > Discovery round starting.
15:11:08 > Discovery progress 25%
15:11:13 > Discovery progress 50%
15:11:18 > Discovery progress 75%
15:11:22 > Discovery round completed in 18.762 seconds.
15:11:22 > Network 192.168.178.0/24 has 47/5 hosts up.

15:11:22 > Next round starting at 15:16:03. Press Ctrl^C to exit.

15:14:37 > Discovery round starting.
15:14:43 > Discovery progress 25%
15:14:47 > Discovery progress 50%
15:14:52 > Discovery progress 75%
15:14:56 > Discovery round completed in 19.039 seconds.
15:14:56 > Network 192.168.178.0/24 has 8/5 hosts up.

15:14:56 > Next round starting at 15:19:37. Press Ctrl^C to exit.

15:16:03 > Discovery round starting.
15:16:09 > Discovery progress 25%
15:16:13 > Discovery progress 50%
15:16:18 > Discovery progress 75%
15:16:22 > Discovery round completed in 19.013 seconds.
15:16:22 > Network 192.168.178.0/24 has 50/5 hosts up.

15:16:22 > Next round starting at 15:21:03. Press Ctrl^C to exit.

15:19:37 > Discovery round starting.
15:19:43 > Discovery progress 25%
15:19:47 > Discovery progress 50%
15:19:52 > Discovery progress 75%
15:19:56 > Discovery round completed in 19.078 seconds.
15:19:56 > Network 192.168.178.0/24 has 11/5 hosts up.

15:19:56 > Next round starting at 15:24:37. Press Ctrl^C to exit.

15:21:03 > Discovery round starting.
15:21:09 > Discovery progress 25%
15:21:13 > Discovery progress 50%
15:21:18 > Discovery progress 75%
15:21:22 > Discovery round completed in 18.933 seconds.
15:21:22 > Network 192.168.178.0/24 has 53/5 hosts up.

15:21:22 > Next round starting at 15:26:03. Press Ctrl^C to exit.

15:24:37 > Discovery round starting.
15:24:42 > Discovery progress 25%
15:24:47 > Discovery progress 50%
15:24:51 > Discovery progress 75%
15:24:56 > Discovery round completed in 18.707 seconds.
15:24:56 > Network 192.168.178.0/24 has 14/5 hosts up.

15:24:56 > Next round starting at 15:29:37. Press Ctrl^C to exit.

15:26:03 > Discovery round starting.
15:26:08 > Discovery progress 25%
15:26:13 > Discovery progress 50%
15:26:18 > Discovery progress 75%
15:26:22 > Discovery round completed in 18.691 seconds.
15:26:22 > Network 192.168.178.0/24 has 56/5 hosts up.

15:26:22 > Next round starting at 15:31:03. Press Ctrl^C to exit.

15:29:37 > Discovery round starting.
15:29:42 > Discovery progress 25%
15:29:47 > Discovery progress 50%
15:29:51 > Discovery progress 75%
15:29:56 > Discovery round completed in 18.738 seconds.
15:29:56 > Network 192.168.178.0/24 has 17/5 hosts up.

15:29:56 > Next round starting at 15:34:37. Press Ctrl^C to exit.

15:31:03 > Discovery round starting.
15:31:09 > Discovery progress 25%
15:31:13 > Discovery progress 50%
15:31:18 > Discovery progress 75%
15:31:22 > Discovery round completed in 18.942 seconds.
15:31:22 > Network 192.168.178.0/24 has 59/5 hosts up.

15:31:22 > Next round starting at 15:36:03. Press Ctrl^C to exit.

15:34:37 > Discovery round starting.
15:34:43 > Discovery progress 25%
15:34:47 > Discovery progress 50%
15:34:52 > Discovery progress 75%
15:34:56 > Discovery round completed in 19.099 seconds.
15:34:56 > Network 192.168.178.0/24 has 20/5 hosts up.

15:34:56 > Next round starting at 15:39:37. Press Ctrl^C to exit.

15:36:03 > Discovery round starting.
15:36:08 > Discovery progress 25%
15:36:13 > Discovery progress 50%
15:36:18 > Discovery progress 75%
15:36:22 > Discovery round completed in 18.892 seconds.
15:36:22 > Network 192.168.178.0/24 has 62/5 hosts up.

15:36:22 > Next round starting at 15:41:03. Press Ctrl^C to exit.

15:39:37 > Discovery round starting.
15:39:42 > Discovery progress 25%
15:39:47 > Discovery progress 50%
15:39:51 > Discovery progress 75%
15:39:56 > Discovery round completed in 18.757 seconds.
15:39:56 > Network 192.168.178.0/24 has 23/5 hosts up.

15:39:56 > Next round starting at 15:44:37. Press Ctrl^C to exit.

15:41:03 > Discovery round starting.
15:41:08 > Discovery progress 25%
15:41:13 > Discovery progress 50%
15:41:18 > Discovery progress 75%
15:41:22 > Discovery round completed in 18.891 seconds.
15:41:22 > Network 192.168.178.0/24 has 65/5 hosts up.

15:41:22 > Next round starting at 15:46:03. Press Ctrl^C to exit.

15:44:37 > Discovery round starting.
15:44:42 > Discovery progress 25%
15:44:47 > Discovery progress 50%
15:44:52 > Discovery progress 75%
15:44:57 > Discovery round completed in 20.146 seconds.
15:44:57 > Network 192.168.178.0/24 has 26/5 hosts up.

15:44:57 > Next round starting at 15:49:37. Press Ctrl^C to exit.

15:46:03 > Discovery round starting.
15:46:08 > Discovery progress 25%
15:46:13 > Discovery progress 50%
15:46:18 > Discovery progress 75%
15:46:22 > Discovery round completed in 18.862 seconds.
15:46:22 > Network 192.168.178.0/24 has 68/5 hosts up.

15:46:22 > Next round starting at 15:51:03. Press Ctrl^C to exit.

15:49:37 > Discovery round starting.
15:49:42 > Discovery progress 25%
15:49:47 > Discovery progress 50%
15:49:52 > Discovery progress 75%
15:49:56 > Discovery round completed in 19.018 seconds.
15:49:56 > Network 192.168.178.0/24 has 27/5 hosts up.

15:49:56 > Next round starting at 15:54:37. Press Ctrl^C to exit.

15:51:03 > Discovery round starting.
15:51:09 > Discovery progress 25%
15:51:13 > Discovery progress 50%
15:51:18 > Discovery progress 75%
15:51:22 > Discovery round completed in 18.971 seconds.
15:51:22 > Network 192.168.178.0/24 has 70/5 hosts up.

15:51:22 > Next round starting at 15:56:03. Press Ctrl^C to exit.

15:54:37 > Discovery round starting.
15:54:38 > Discovery error: unable to select a valid network interface to use
15:56:03 > Discovery round starting.
15:56:04 > Discovery error: unable to select a valid network interface to use
15:59:37 > Discovery round starting.
15:59:38 > Discovery error: unable to select a valid network interface to use
16:01:03 > Discovery round starting.
16:01:04 > Discovery error: unable to select a valid network interface to use
16:04:37 > Discovery round starting.
16:04:38 > Discovery error: unable to select a valid network interface to use
16:06:03 > Discovery round starting.
16:06:04 > Discovery error: unable to select a valid network interface to use
16:09:37 > Discovery round starting.
16:09:38 > Discovery error: unable to select a valid network interface to use
16:11:03 > Discovery round starting.
16:11:04 > Discovery error: unable to select a valid network interface to use
16:14:37 > Discovery round starting.
16:14:38 > Discovery error: unable to select a valid network interface to use
16:15:45 > Discovery stopped

16:15:45 > Discovery stopped

